[2026-02-14T16:36:23.342Z] WARN request.finish requestId=6b72f333-23af-42d2-b263-723f237302c6 method=POST url=/api/admin/courses status=400 durationMs=2.5
[2026-02-14T16:36:23.347Z] WARN request.finish requestId=eb186e61-14e4-47b3-8510-707bd8a0b9d4 method=POST url=/api/admin/users/bulk-delete status=400 durationMs=1.6
[2026-02-14T16:36:23.353Z] WARN request.finish requestId=8dc3f1a0-322f-43bb-a841-881e886029a5 method=POST url=/api/admin/users/bulk-delete status=400 durationMs=1.3
[2026-02-14T16:36:59.665Z] WARN request.finish requestId=990ce9a6-49a2-4aaa-b7f4-39e6ed6e842d method=POST url=/api/admin/courses status=400 durationMs=1.8
[2026-02-14T16:36:59.670Z] WARN request.finish requestId=2f4b14d3-1159-495b-9633-8a09551f42f4 method=POST url=/api/admin/users/bulk-delete status=400 durationMs=1.5
[2026-02-14T16:36:59.675Z] WARN request.finish requestId=8130c32c-e275-4c5b-a7ad-ebb2fec7a7a3 method=POST url=/api/admin/users/bulk-delete status=400 durationMs=1.2
[2026-02-14T16:37:31.421Z] WARN request.finish requestId=15bb2e1f-e716-429b-bacb-93cdaea0d197 method=POST url=/api/admin/courses status=400 durationMs=1.9
[2026-02-14T16:37:31.430Z] WARN request.finish requestId=4cc39faf-a5ac-4d4e-bb14-cd6668fa61be method=POST url=/api/admin/users/bulk-delete status=400 durationMs=1.5
[2026-02-14T20:25:45.965Z] WARN request.finish requestId=8d54e938-68f6-49f1-9d21-14d0a100043f method=GET url=/api/admin/stats status=403 durationMs=283.4
[2026-02-14T20:25:45.971Z] WARN request.finish requestId=f45e53ea-80fe-4ddf-8b41-9303e1c08d49 method=GET url=/api/admin/stats status=403 durationMs=2.0
[2026-02-14T20:32:06.836Z] WARN request.finish requestId=f6bb1e2c-07f0-42e9-a169-02b9436a48db method=GET url=/api/admin/stats status=403 durationMs=266.0
[2026-02-14T20:32:06.840Z] WARN request.finish requestId=ea014dc1-8a35-4cde-935f-bccb83637517 method=GET url=/api/admin/stats status=403 durationMs=1.1
[2026-02-14T20:32:07.838Z] WARN request.finish requestId=d6034503-7877-4338-93d3-6e09974c600e method=GET url=/api/admin/courses status=403 durationMs=1.2
[2026-02-14T20:32:07.841Z] WARN request.finish requestId=7c30de2e-1990-4d66-9a18-9624cbfeee7f method=GET url=/api/admin/courses status=403 durationMs=1.2
[2026-02-14T20:32:36.793Z] WARN request.finish requestId=d24c2176-8ec4-49b4-8e1b-e59db1f170fe method=PUT url=/api/admin/courses/undefined status=403 durationMs=150.5
[2026-02-14T20:32:40.460Z] WARN request.finish requestId=9ada59b4-80ae-4b0f-859e-af6e6cd00944 method=GET url=/api/admin/stats status=403 durationMs=1.3
[2026-02-14T20:32:40.463Z] WARN request.finish requestId=663336c7-fefa-4048-aff9-815a919389fa method=GET url=/api/admin/stats status=403 durationMs=1.6
[2026-02-14T20:32:41.021Z] WARN request.finish requestId=5400b4f7-de15-4e0a-847f-487b123b1f48 method=GET url=/api/admin/courses status=403 durationMs=1.5
[2026-02-14T20:32:41.024Z] WARN request.finish requestId=7cb74967-3c0b-4111-a010-86a3f9568e03 method=GET url=/api/admin/courses status=403 durationMs=1.5
[2026-02-14T20:32:43.756Z] WARN request.finish requestId=40f887a6-74d5-4494-ad74-e63ad698ca0b method=GET url=/api/admin/courses status=403 durationMs=2.0
[2026-02-14T20:32:43.761Z] WARN request.finish requestId=8719224d-51b2-4ba7-9c41-f2622c1f72a0 method=GET url=/api/admin/courses status=403 durationMs=1.7
[2026-02-14T20:33:46.490Z] WARN request.finish requestId=dbbfd1ce-f0e5-4915-a49c-1d25f7caa2f8 method=GET url=/api/admin/courses status=403 durationMs=305.7
[2026-02-14T20:33:46.493Z] WARN request.finish requestId=17d7cfb8-61ce-4ed4-a129-1b3f8b226ae8 method=GET url=/api/admin/courses status=403 durationMs=1.0
[2026-02-15T15:07:55.543Z] WARN request.finish requestId=ee0e04fa-4b40-498d-8374-3c885481df7b method=GET url=/api/admin/courses status=401 durationMs=344.3
[2026-02-15T15:09:26.863Z] WARN request.finish requestId=70eb0442-ad38-4df2-9a9c-f2c25b7f0890 method=GET url=/api/admin/stats status=403 durationMs=105.0
[2026-02-15T15:09:26.865Z] WARN request.finish requestId=bba733d0-df4a-48c7-981b-824eddaa47c1 method=GET url=/api/admin/stats status=403 durationMs=1.1
[2026-02-15T15:09:43.165Z] WARN request.finish requestId=a87fc3a0-d99f-42cd-8cfa-75ee94c27fa4 method=GET url=/api/admin/courses status=403 durationMs=153.6
[2026-02-15T15:09:43.167Z] WARN request.finish requestId=f4e4b835-46d6-4f92-a5f4-bb60d015d084 method=GET url=/api/admin/courses status=403 durationMs=1.0
[2026-02-15T15:09:46.130Z] WARN request.finish requestId=5957ba1f-0f03-41a4-b998-22b1a14e5826 method=GET url=/api/admin/stats status=403 durationMs=1.1
[2026-02-15T15:09:46.132Z] WARN request.finish requestId=8b1e0bb1-71ec-4484-a50f-74168f203d29 method=GET url=/api/admin/stats status=403 durationMs=1.2
[2026-02-15T15:10:22.565Z] WARN request.finish requestId=9d132b0e-14ce-4845-b51a-db225189d923 method=GET url=/api/admin/stats status=403 durationMs=150.2
[2026-02-15T15:10:22.567Z] WARN request.finish requestId=ede67385-dc07-4c2e-bcb9-1091c11db1c1 method=GET url=/api/admin/stats status=403 durationMs=1.0
[2026-02-15T15:11:17.288Z] WARN request.finish requestId=407c9ec3-4cc3-4359-9a47-40c47190283d method=GET url=/api/admin/courses status=403 durationMs=400.5
[2026-02-15T15:11:17.291Z] WARN request.finish requestId=18e91ae0-a3ef-47b8-8366-a9846f75bef3 method=GET url=/api/admin/courses status=403 durationMs=1.1
[2026-02-15T15:11:17.308Z] WARN request.finish requestId=910f97dc-a6c7-4421-9e82-1baefa18d734 method=GET url=/api/admin/users?page=1&limit=10 status=403 durationMs=1.3
[2026-02-15T15:11:17.311Z] WARN request.finish requestId=7c37788b-448e-4115-90e2-0a574bd9ee94 method=GET url=/api/admin/users?page=1&limit=10 status=403 durationMs=1.1
[2026-02-15T15:11:21.187Z] WARN request.finish requestId=6ae4dd21-8a0c-4d44-ba74-df68e88504c9 method=GET url=/api/admin/stats status=403 durationMs=0.5
[2026-02-15T15:11:21.189Z] WARN request.finish requestId=0b616677-848d-4004-97d7-98294cc180cb method=GET url=/api/admin/stats status=403 durationMs=0.8
[2026-02-15T15:11:22.164Z] WARN request.finish requestId=498c7325-7328-4c7c-be1e-8567270ef20c method=GET url=/api/admin/courses status=403 durationMs=1.1
[2026-02-15T15:11:22.167Z] WARN request.finish requestId=40478968-c318-4eb6-9177-36d8bd92190a method=GET url=/api/admin/courses status=403 durationMs=1.6
[2026-02-15T15:29:09.674Z] WARN request.finish requestId=d1c5c3cc-42a0-4a9b-9f19-2baa518f5bfe method=GET url=/api/admin/courses status=403 durationMs=288.5
[2026-02-15T15:29:09.776Z] WARN request.finish requestId=8cb449ca-4acb-42f2-87df-d5e7aaad98f9 method=GET url=/api/admin/courses status=403 durationMs=388.2
[2026-02-15T15:29:43.377Z] WARN request.finish requestId=21cc8cd8-3cc0-4472-87a0-c552608a66b5 method=GET url=/api/admin/stats status=403 durationMs=176.6
[2026-02-15T15:29:43.379Z] WARN request.finish requestId=a2c7c4f2-2e32-4a23-82c3-c2d4138da9f6 method=GET url=/api/admin/stats status=403 durationMs=0.9
[2026-02-15T15:32:42.127Z] WARN request.finish requestId=ef66e4eb-2206-4f72-bc64-2d9bdbc431b3 method=GET url=/api/admin/stats status=403 durationMs=163.0
[2026-02-15T15:32:42.129Z] WARN request.finish requestId=82c5ff8b-ed79-4573-94b8-4295a65b7653 method=GET url=/api/admin/stats status=403 durationMs=1.0
[2026-02-15T15:41:37.792Z] ERROR request.finish requestId=8f974069-672b-4602-b579-5340f0f5a7d0 method=GET url=/api/admin/stats status=500 durationMs=1167.5
[2026-02-15T15:41:37.871Z] ERROR request.finish requestId=13167c34-e645-4b3b-bdde-8d0c46e4c5aa method=GET url=/api/admin/stats status=500 durationMs=1275.1
[2026-02-15T15:45:38.996Z] ERROR request.finish requestId=e86d9192-4e1d-40ab-b9b6-955cf60f22ad method=GET url=/api/admin/stats status=500 durationMs=1141.6
[2026-02-15T15:45:39.039Z] ERROR request.finish requestId=c30df5e2-d86c-43b0-ae1f-a101c7c0e1eb method=GET url=/api/admin/stats status=500 durationMs=1220.8
[2026-02-15T15:49:41.485Z] ERROR request.finish requestId=68d1b6b3-fe3c-433a-945e-aa12f6297f26 method=GET url=/api/admin/stats status=500 durationMs=918.2
[2026-02-15T15:49:41.525Z] ERROR request.finish requestId=41daddb5-34d3-41d6-8339-9edaa7115858 method=GET url=/api/admin/stats status=500 durationMs=960.9
[2026-02-15T16:35:08.225Z] ERROR request.finish requestId=708e74f3-0ce7-4960-af9a-66d5979ae8b6 method=PUT url=/api/admin/courses/undefined status=500 durationMs=1043.1
[2026-02-15T16:40:23.407Z] ERROR request.finish requestId=9c0f3b0c-907d-41cd-a74d-ab12b55e978b method=PUT url=/api/admin/courses/undefined status=500 durationMs=482.0
[2026-02-15T16:41:51.569Z] WARN request.finish requestId=615b70cd-5c07-46b3-8726-1554b7902b2c method=POST url=/api/admin/courses status=400 durationMs=7.3
[2026-02-15T16:41:51.588Z] WARN request.finish requestId=a4b69f69-daa2-4e9e-944a-71a4a40db62f method=POST url=/api/admin/users/bulk-delete status=400 durationMs=4.9
[2026-02-15T16:42:16.271Z] WARN request.finish requestId=272d537b-73d3-4662-b462-8557bdf79c03 method=POST url=/api/admin/courses status=400 durationMs=5.2
[2026-02-15T16:42:16.287Z] WARN request.finish requestId=ab276040-d1fd-453e-aa31-945213d1ee83 method=POST url=/api/admin/users/bulk-delete status=400 durationMs=3.8
[2026-02-15T16:43:44.122Z] ERROR request.finish requestId=8810dd8a-ee1b-4a8f-a8ae-97a083bf638b method=PUT url=/api/admin/courses/undefined status=500 durationMs=757.3
[2026-02-15T16:46:02.987Z] WARN request.finish requestId=7bcd44a9-e13b-46d9-8101-f3035dbdadbf method=POST url=/api/admin/courses status=400 durationMs=6.1
[2026-02-15T16:46:03.006Z] WARN request.finish requestId=cbac559f-cd61-4ff1-b9dd-c89c5386e078 method=POST url=/api/admin/users/bulk-delete status=400 durationMs=3.7
[2026-02-15T16:46:45.251Z] ERROR request.finish requestId=318b8c41-e8d8-410d-9d09-6d3b17166265 method=PUT url=/api/admin/courses/undefined status=500 durationMs=322.9
[2026-02-15T16:47:44.130Z] ERROR request.finish requestId=f57d7744-d44c-404e-a743-9a466d8b006f method=PUT url=/api/admin/courses/undefined status=500 durationMs=292.9
[2026-02-15T17:21:00.890Z] WARN request.finish requestId=46835ad5-5ec9-41b9-aa55-2365deffd1dd method=POST url=/api/admin/courses status=400 durationMs=7.3
[2026-02-15T17:21:00.906Z] WARN request.finish requestId=701f8b27-9c68-446c-878e-695b1259fd72 method=POST url=/api/admin/users/bulk-delete status=400 durationMs=4.1
[2026-02-15T18:58:49.988Z] ERROR request.finish requestId=020c5327-3d06-45b4-94aa-ad1e001510eb method=PUT url=/api/admin/courses/undefined status=500 durationMs=590.3
[2026-02-15T19:08:08.622Z] ERROR request.finish requestId=e5153e4c-223d-4465-9ec0-5279a5e868e7 method=POST url=/api/admin/courses status=500 durationMs=949.7
[2026-02-15T19:38:12.901Z] ERROR request.finish requestId=ecd8a88d-b651-410e-acb6-679321e879d7 method=POST url=/api/admin/courses status=500 durationMs=8.8
[2026-02-15T19:38:12.910Z] WARN request.finish requestId=44916be1-0a26-40a9-a196-a32c4bc84651 method=POST url=/api/admin/courses status=400 durationMs=4.1
[2026-02-15T19:38:12.920Z] WARN request.finish requestId=427bc064-fc0d-4bf1-877f-08a18d7ff1d1 method=POST url=/api/admin/users/bulk-delete status=400 durationMs=1.7
[2026-02-15T19:38:58.132Z] WARN request.finish requestId=1465a3fe-0ea2-4742-adf3-3f8e1b33b30e method=POST url=/api/admin/courses status=400 durationMs=6.3
[2026-02-15T19:38:58.149Z] WARN request.finish requestId=1b569731-4f5c-4ef1-b24a-99e94a7e7732 method=POST url=/api/admin/users/bulk-delete status=400 durationMs=4.7
[2026-02-15T20:03:44.080Z] WARN request.finish requestId=c788250a-9409-4f63-a5bb-52ab81b0cc5e method=GET url=/api/admin/courses status=401 durationMs=247.9
[2026-02-15T20:07:39.184Z] ERROR request.finish requestId=df107698-123b-46bf-a56c-c8a2cec26047 method=POST url=/api/admin/courses status=500 durationMs=13.5
[2026-02-15T20:07:39.198Z] WARN request.finish requestId=24821948-ca7f-4901-832d-89efbea0586a method=POST url=/api/admin/courses status=400 durationMs=6.2
[2026-02-15T20:07:39.216Z] WARN request.finish requestId=cbaa0041-e6c7-41e0-9877-3a1850fe0fcc method=POST url=/api/admin/users/bulk-delete status=400 durationMs=4.3
[2026-02-15T20:08:19.554Z] WARN request.finish requestId=371cd547-29bd-4728-afc2-c700d1c57b2f method=POST url=/api/admin/courses status=400 durationMs=5.5
[2026-02-15T20:08:19.584Z] WARN request.finish requestId=92c48b03-9b0b-4c35-9ec3-e47ec781f312 method=POST url=/api/admin/users/bulk-delete status=400 durationMs=6.1
[2026-02-15T20:10:17.429Z] ERROR request.finish requestId=705e9bc2-08a3-4d5f-b045-6a98812fe145 method=POST url=/api/admin/courses status=500 durationMs=451.8
[2026-02-15T20:10:20.311Z] ERROR request.finish requestId=1b9113ce-0568-41ba-955c-2dcc5e7b8b75 method=POST url=/api/admin/courses status=500 durationMs=294.3
[2026-02-15T20:11:59.657Z] WARN request.finish requestId=6ecc2890-db53-42d6-8532-940766feb720 method=GET url=/api/admin/courses/python-sznebo status=401 durationMs=11.2
[2026-02-15T20:14:38.239Z] ERROR request.finish requestId=a17af0f8-6045-42a5-96ca-a6376c204562 method=PUT url=/api/admin/courses/python-7iw9iu status=500 durationMs=832.6
[2026-02-16T04:18:29.883Z] WARN request.finish requestId=6cbcad7e-aea0-434d-b02c-44079b964966 method=GET url=/?ide_webview_request_time=1771215509865 status=404 durationMs=5.7
[2026-02-16T04:27:13.914Z] WARN request.finish requestId=908caa86-41fd-4f7f-b7e1-c43334f35220 method=GET url=/api/admin/stats status=401 durationMs=355.2
[2026-02-16T04:27:14.014Z] WARN request.finish requestId=0df03b5f-3c09-4bae-86a6-ddc51d1ab0bf method=GET url=/api/admin/stats status=401 durationMs=97.4
[2026-02-16T04:50:04.797Z] WARN request.finish requestId=802c1c87-d409-49e1-97ba-c35e94c4ac6d method=GET url=/?ide_webview_request_time=1771217404782 status=404 durationMs=5.5
[2026-02-16T17:00:26.079Z] ERROR request.finish requestId=a958c0c0-3938-4da0-9476-5f4f76598a58 method=GET url=/@vite/client status=500 durationMs=2.4
[2026-02-16T18:05:07.490Z] WARN request.finish requestId=ccb68bd8-7f8e-4d42-9091-cde91b2735e3 method=POST url=/api/create-checkout-session status=401 durationMs=16.3
[2026-02-16T18:05:21.453Z] WARN request.finish requestId=53384d2b-1db4-43a8-a9d4-305c94eb3ee2 method=POST url=/api/create-checkout-session status=401 durationMs=1.4
[2026-02-16T20:02:11.207Z] WARN request.finish requestId=f4872580-c3e7-4cc4-9f45-d1a6ed3d26a9 method=GET url=/api/admin/courses status=401 durationMs=232.4
